-------------------------------------------------------------------------------
Test set: ueh.AppTest
-------------------------------------------------------------------------------
<<<<<<< HEAD
Tests run: 1, Failures: 0, Errors: 0, Skipped: 0, Time elapsed: 0.03 s - in ueh.AppTest
=======
<<<<<<< HEAD
Tests run: 1, Failures: 0, Errors: 0, Skipped: 0, Time elapsed: 0.008 s -- in ueh.AppTest
=======
Tests run: 1, Failures: 0, Errors: 0, Skipped: 0, Time elapsed: 0.007 s - in ueh.AppTest
>>>>>>> 81c5e777e7e18053a83eb05adbf7ebb2e0963e3b
>>>>>>> main
